<?xml version="1.0" encoding="UTF-8"?>
<testsuite xmlns:xsi="http://www.w3.org/2001/XMLSchema-instance" xsi:noNamespaceSchemaLocation="https://maven.apache.org/surefire/maven-surefire-plugin/xsd/surefire-test-report.xsd" name="com.glp.UsermanagersApplicationTests" time="8.193" tests="2" errors="0" skipped="0" failures="0">
  <properties>
[...]
</properties>
  <testcase name="TestspringVersionAndspringBootVersion" classname="com.glp.UsermanagersApplicationTests" time="0.957"/>
  <testcase name="contextLoads" classname="com.glp.UsermanagersApplicationTests" time="0.005"/>
</testsuite>